<![LOG[INFORMATION: Script version 5.1.2024.0109 starting]LOG]!><time="15:16:00.571+000" date="08-27-2024" component="Step 1 - Export Groups.ps1:3205" context="CBIZ\CIbold0" type="6" thread="" file="C:\Users\CIbold0\OneDrive - CBIZ, Inc\Desktop\Chris\CDI\Groups\Step 1 - Export Groups.ps1">
<![LOG[INFORMATION: Parameter: InformationPreference = Continue]LOG]!><time="15:16:00.571+000" date="08-27-2024" component="Step 1 - Export Groups.ps1:3205" context="CBIZ\CIbold0" type="6" thread="" file="C:\Users\CIbold0\OneDrive - CBIZ, Inc\Desktop\Chris\CDI\Groups\Step 1 - Export Groups.ps1">
<![LOG[INFORMATION: Parameter: ErrorActionPreference = Continue]LOG]!><time="15:16:00.571+000" date="08-27-2024" component="Step 1 - Export Groups.ps1:3205" context="CBIZ\CIbold0" type="6" thread="" file="C:\Users\CIbold0\OneDrive - CBIZ, Inc\Desktop\Chris\CDI\Groups\Step 1 - Export Groups.ps1">
<![LOG[INFORMATION: Parameter: VerbosePreference = SilentlyContinue]LOG]!><time="15:16:00.586+000" date="08-27-2024" component="Step 1 - Export Groups.ps1:3205" context="CBIZ\CIbold0" type="6" thread="" file="C:\Users\CIbold0\OneDrive - CBIZ, Inc\Desktop\Chris\CDI\Groups\Step 1 - Export Groups.ps1">
<![LOG[INFORMATION: Parameter: DebugPreference = SilentlyContinue]LOG]!><time="15:16:00.586+000" date="08-27-2024" component="Step 1 - Export Groups.ps1:3205" context="CBIZ\CIbold0" type="6" thread="" file="C:\Users\CIbold0\OneDrive - CBIZ, Inc\Desktop\Chris\CDI\Groups\Step 1 - Export Groups.ps1">
<![LOG[INFORMATION: Parameter: GroupDomain = compudata.com]LOG]!><time="15:16:00.586+000" date="08-27-2024" component="Step 1 - Export Groups.ps1:3205" context="CBIZ\CIbold0" type="6" thread="" file="C:\Users\CIbold0\OneDrive - CBIZ, Inc\Desktop\Chris\CDI\Groups\Step 1 - Export Groups.ps1">
<![LOG[INFORMATION: Parameter: GroupFilter = *]LOG]!><time="15:16:00.586+000" date="08-27-2024" component="Step 1 - Export Groups.ps1:3205" context="CBIZ\CIbold0" type="6" thread="" file="C:\Users\CIbold0\OneDrive - CBIZ, Inc\Desktop\Chris\CDI\Groups\Step 1 - Export Groups.ps1">
<![LOG[INFORMATION: Parameter: ExchangeServer = Online]LOG]!><time="15:16:00.602+000" date="08-27-2024" component="Step 1 - Export Groups.ps1:3205" context="CBIZ\CIbold0" type="6" thread="" file="C:\Users\CIbold0\OneDrive - CBIZ, Inc\Desktop\Chris\CDI\Groups\Step 1 - Export Groups.ps1">
<![LOG[INFORMATION: Parameter: ExchangeForceSSL = False]LOG]!><time="15:16:00.602+000" date="08-27-2024" component="Step 1 - Export Groups.ps1:3205" context="CBIZ\CIbold0" type="6" thread="" file="C:\Users\CIbold0\OneDrive - CBIZ, Inc\Desktop\Chris\CDI\Groups\Step 1 - Export Groups.ps1">
<![LOG[INFORMATION: Parameter: ExchangeAuthMethod = Basic]LOG]!><time="15:16:00.602+000" date="08-27-2024" component="Step 1 - Export Groups.ps1:3205" context="CBIZ\CIbold0" type="6" thread="" file="C:\Users\CIbold0\OneDrive - CBIZ, Inc\Desktop\Chris\CDI\Groups\Step 1 - Export Groups.ps1">
<![LOG[INFORMATION: Parameter: CredentialsPath = ]LOG]!><time="15:16:00.611+000" date="08-27-2024" component="Step 1 - Export Groups.ps1:3205" context="CBIZ\CIbold0" type="6" thread="" file="C:\Users\CIbold0\OneDrive - CBIZ, Inc\Desktop\Chris\CDI\Groups\Step 1 - Export Groups.ps1">
<![LOG[INFORMATION: Parameter: GCCHigh = False]LOG]!><time="15:16:00.618+000" date="08-27-2024" component="Step 1 - Export Groups.ps1:3205" context="CBIZ\CIbold0" type="6" thread="" file="C:\Users\CIbold0\OneDrive - CBIZ, Inc\Desktop\Chris\CDI\Groups\Step 1 - Export Groups.ps1">
<![LOG[INFORMATION: Parameter: IncludeUnifiedGroups = False]LOG]!><time="15:16:00.618+000" date="08-27-2024" component="Step 1 - Export Groups.ps1:3205" context="CBIZ\CIbold0" type="6" thread="" file="C:\Users\CIbold0\OneDrive - CBIZ, Inc\Desktop\Chris\CDI\Groups\Step 1 - Export Groups.ps1">
<![LOG[INFORMATION: Parameter: IncludeMembership = False]LOG]!><time="15:16:00.618+000" date="08-27-2024" component="Step 1 - Export Groups.ps1:3205" context="CBIZ\CIbold0" type="6" thread="" file="C:\Users\CIbold0\OneDrive - CBIZ, Inc\Desktop\Chris\CDI\Groups\Step 1 - Export Groups.ps1">
<![LOG[INFORMATION: Parameter: IncludePermissions = False]LOG]!><time="15:16:00.618+000" date="08-27-2024" component="Step 1 - Export Groups.ps1:3205" context="CBIZ\CIbold0" type="6" thread="" file="C:\Users\CIbold0\OneDrive - CBIZ, Inc\Desktop\Chris\CDI\Groups\Step 1 - Export Groups.ps1">
<![LOG[INFORMATION: Parameter: DomainController = ]LOG]!><time="15:16:00.633+000" date="08-27-2024" component="Step 1 - Export Groups.ps1:3205" context="CBIZ\CIbold0" type="6" thread="" file="C:\Users\CIbold0\OneDrive - CBIZ, Inc\Desktop\Chris\CDI\Groups\Step 1 - Export Groups.ps1">
<![LOG[INFORMATION: Parameter: ExportLocation = ]LOG]!><time="15:16:00.633+000" date="08-27-2024" component="Step 1 - Export Groups.ps1:3205" context="CBIZ\CIbold0" type="6" thread="" file="C:\Users\CIbold0\OneDrive - CBIZ, Inc\Desktop\Chris\CDI\Groups\Step 1 - Export Groups.ps1">
<![LOG[INFORMATION: Connecting to Exchange Online]LOG]!><time="15:16:00.633+000" date="08-27-2024" component="Step 1 - Export Groups.ps1:3205" context="CBIZ\CIbold0" type="6" thread="" file="C:\Users\CIbold0\OneDrive - CBIZ, Inc\Desktop\Chris\CDI\Groups\Step 1 - Export Groups.ps1">
<![LOG[INFORMATION: Script requirements met]LOG]!><time="15:16:10.224+000" date="08-27-2024" component="Step 1 - Export Groups.ps1:3206" context="CBIZ\CIbold0" type="6" thread="" file="C:\Users\CIbold0\OneDrive - CBIZ, Inc\Desktop\Chris\CDI\Groups\Step 1 - Export Groups.ps1">
<![LOG[INFORMATION: Retrieving recipient information. Be patient!]LOG]!><time="15:16:10.232+000" date="08-27-2024" component="Step 1 - Export Groups.ps1:3214" context="CBIZ\CIbold0" type="6" thread="" file="C:\Users\CIbold0\OneDrive - CBIZ, Inc\Desktop\Chris\CDI\Groups\Step 1 - Export Groups.ps1">
<![LOG[INFORMATION: Creating MVA datatables]LOG]!><time="15:16:22.272+000" date="08-27-2024" component="Step 1 - Export Groups.ps1:3224" context="CBIZ\CIbold0" type="6" thread="" file="C:\Users\CIbold0\OneDrive - CBIZ, Inc\Desktop\Chris\CDI\Groups\Step 1 - Export Groups.ps1">
<![LOG[INFORMATION: Finished creating MVA datatables]LOG]!><time="15:16:22.366+000" date="08-27-2024" component="Step 1 - Export Groups.ps1:3242" context="CBIZ\CIbold0" type="6" thread="" file="C:\Users\CIbold0\OneDrive - CBIZ, Inc\Desktop\Chris\CDI\Groups\Step 1 - Export Groups.ps1">
<![LOG[INFORMATION: Retrieving distribution group information]LOG]!><time="15:16:22.382+000" date="08-27-2024" component="Step 1 - Export Groups.ps1:3275" context="CBIZ\CIbold0" type="6" thread="" file="C:\Users\CIbold0\OneDrive - CBIZ, Inc\Desktop\Chris\CDI\Groups\Step 1 - Export Groups.ps1">
<![LOG[INFORMATION: Retrieving dynamic group information]LOG]!><time="15:16:23.495+000" date="08-27-2024" component="Step 1 - Export Groups.ps1:3280" context="CBIZ\CIbold0" type="6" thread="" file="C:\Users\CIbold0\OneDrive - CBIZ, Inc\Desktop\Chris\CDI\Groups\Step 1 - Export Groups.ps1">
<![LOG[INFORMATION: 91 Group entries collected]LOG]!><time="15:16:23.824+000" date="08-27-2024" component="Step 1 - Export Groups.ps1:3296" context="CBIZ\CIbold0" type="6" thread="" file="C:\Users\CIbold0\OneDrive - CBIZ, Inc\Desktop\Chris\CDI\Groups\Step 1 - Export Groups.ps1">
<![LOG[INFORMATION: Exporting CSV to C:\Users\CIbold0\OneDrive - CBIZ, Inc\Desktop\Chris\CDI\Groups\Exchange with , delimiter]LOG]!><time="15:16:23.824+000" date="08-27-2024" component="Step 1 - Export Groups.ps1:3301" context="CBIZ\CIbold0" type="6" thread="" file="C:\Users\CIbold0\OneDrive - CBIZ, Inc\Desktop\Chris\CDI\Groups\Step 1 - Export Groups.ps1">
<![LOG[INFORMATION: Run time was 00:00:00:23.599]LOG]!><time="15:16:23.887+000" date="08-27-2024" component="Step 1 - Export Groups.ps1:3340" context="CBIZ\CIbold0" type="6" thread="" file="C:\Users\CIbold0\OneDrive - CBIZ, Inc\Desktop\Chris\CDI\Groups\Step 1 - Export Groups.ps1">
<![LOG[INFORMATION: Exit code is 0]LOG]!><time="15:16:23.887+000" date="08-27-2024" component="Step 1 - Export Groups.ps1:3341" context="CBIZ\CIbold0" type="6" thread="" file="C:\Users\CIbold0\OneDrive - CBIZ, Inc\Desktop\Chris\CDI\Groups\Step 1 - Export Groups.ps1">
